  StartMenu.cpp
  game.cpp
C:\Users\Niels\Documents\game\assignment\GameAssignment\targets.h(12,20): warning C4244: '=': conversion from 'int' to 'float', possible loss of data
C:\Users\Niels\Documents\game\assignment\GameAssignment\targets.h(13,20): warning C4244: '=': conversion from 'int' to 'float', possible loss of data
C:\Users\Niels\Documents\game\assignment\GameAssignment\targets.h(22,44): warning C4244: '=': conversion from 'int' to 'float', possible loss of data
C:\Users\Niels\Documents\game\assignment\GameAssignment\targets.h(22,57): warning C4244: '=': conversion from 'int' to 'float', possible loss of data
  targets.cpp
C:\Users\Niels\Documents\game\assignment\GameAssignment\targets.h(12,20): warning C4244: '=': conversion from 'int' to 'float', possible loss of data
C:\Users\Niels\Documents\game\assignment\GameAssignment\targets.h(13,20): warning C4244: '=': conversion from 'int' to 'float', possible loss of data
C:\Users\Niels\Documents\game\assignment\GameAssignment\targets.h(22,44): warning C4244: '=': conversion from 'int' to 'float', possible loss of data
C:\Users\Niels\Documents\game\assignment\GameAssignment\targets.h(22,57): warning C4244: '=': conversion from 'int' to 'float', possible loss of data
C:\Users\Niels\Documents\game\assignment\GameAssignment\targets.cpp(60,74): warning C4244: 'argument': conversion from 'float' to 'int', possible loss of data
C:\Users\Niels\Documents\game\assignment\GameAssignment\targets.cpp(60,44): warning C4244: 'argument': conversion from 'float' to 'int', possible loss of data
C:\Users\Niels\Documents\game\assignment\GameAssignment\targets.cpp(60,31): warning C4244: 'argument': conversion from 'float' to 'int', possible loss of data
C:\Users\Niels\Documents\game\assignment\GameAssignment\targets.cpp(60,21): warning C4244: 'argument': conversion from 'float' to 'int', possible loss of data
C:\Users\Niels\Documents\game\assignment\GameAssignment\targets.cpp(87,3): warning C4065: switch statement contains 'default' but no 'case' labels
  template.cpp
C:\Users\Niels\Documents\game\assignment\GameAssignment\targets.h(12,20): warning C4244: '=': conversion from 'int' to 'float', possible loss of data
C:\Users\Niels\Documents\game\assignment\GameAssignment\targets.h(13,20): warning C4244: '=': conversion from 'int' to 'float', possible loss of data
C:\Users\Niels\Documents\game\assignment\GameAssignment\targets.h(22,44): warning C4244: '=': conversion from 'int' to 'float', possible loss of data
C:\Users\Niels\Documents\game\assignment\GameAssignment\targets.h(22,57): warning C4244: '=': conversion from 'int' to 'float', possible loss of data
  Generating Code...
C:\Users\Niels\Documents\game\assignment\GameAssignment\targets.cpp(47): warning C4717: 'Tmpl8::targets::GoToCoord': recursive on all control paths, function will cause runtime stack overflow
     Creating library C:\Users\Niels\Documents\game\assignment\GameAssignment\tmpl_2019-08_x64_debug.lib and object C:\Users\Niels\Documents\game\assignment\GameAssignment\tmpl_2019-08_x64_debug.exp
  tmpl_2019-08.vcxproj -> C:\Users\Niels\Documents\game\assignment\GameAssignment\tmpl_2019-08_x64_debug.exe
